[09:10:34] [Server thread/INFO]: Starting minecraft server version 1.8
[09:10:34] [Server thread/INFO]: Loading properties
[09:10:34] [Server thread/INFO]: Default game type: SURVIVAL
[09:10:34] [Server thread/INFO]: This server is running CraftBukkit version git-Spigot-c3c767f-33d5de3 (MC: 1.8) (Implementing API version 1.8-R0.1-SNAPSHOT)
[09:10:34] [Server thread/INFO]: Debug logging is disabled
[09:10:34] [Server thread/INFO]: Server Ping Player Sample Count: 12
[09:10:34] [Server thread/INFO]: Using 4 threads for Netty based IO
[09:10:34] [Server thread/INFO]: Generating keypair
[09:10:35] [Server thread/INFO]: Starting Minecraft server on *:25565
[09:10:35] [Server thread/INFO]: Set PluginClassLoader as parallel capable
[09:10:35] [Server thread/INFO]: [Neptune] Loading Neptune v1.0
[09:10:35] [Server thread/INFO]: **** Beginning UUID conversion, this may take A LONG time ****
[09:10:35] [Server thread/INFO]: Preparing level "world"
[09:10:35] [Server thread/INFO]: -------- World Settings For [world] --------
[09:10:35] [Server thread/INFO]: Arrow Despawn Rate: 1200
[09:10:35] [Server thread/INFO]: Item Despawn Rate: 6000
[09:10:35] [Server thread/INFO]: Item Merge Radius: 2.5
[09:10:35] [Server thread/INFO]: Allow Zombie Pigmen to spawn from portal blocks: true
[09:10:35] [Server thread/INFO]: Experience Merge Radius: 3.0
[09:10:35] [Server thread/INFO]: Chunks to Grow per Tick: 650
[09:10:35] [Server thread/INFO]: Clear tick list: false
[09:10:35] [Server thread/INFO]: Zombie Aggressive Towards Villager: true
[09:10:35] [Server thread/INFO]: View Distance: 10
[09:10:35] [Server thread/INFO]: Mob Spawn Range: 4
[09:10:35] [Server thread/INFO]: Anti X-Ray: true
[09:10:35] [Server thread/INFO]: 	Engine Mode: 1
[09:10:35] [Server thread/INFO]: 	Hidden Blocks: [14, 15, 16, 21, 48, 49, 54, 56, 73, 74, 82, 129, 130]
[09:10:35] [Server thread/INFO]: 	Replace Blocks: [1, 5]
[09:10:35] [Server thread/INFO]: Alternative Hopper Ticking: false
[09:10:35] [Server thread/INFO]: Hopper Transfer: 8 Hopper Check: 8 Hopper Amount: 1
[09:10:35] [Server thread/INFO]: Max TNT Explosions: 100
[09:10:35] [Server thread/INFO]: Tile Max Tick Time: 50ms Entity max Tick Time: 50ms
[09:10:35] [Server thread/INFO]: Cactus Growth Modifier: 100%
[09:10:35] [Server thread/INFO]: Cane Growth Modifier: 100%
[09:10:35] [Server thread/INFO]: Melon Growth Modifier: 100%
[09:10:35] [Server thread/INFO]: Mushroom Growth Modifier: 100%
[09:10:35] [Server thread/INFO]: Pumpkin Growth Modifier: 100%
[09:10:35] [Server thread/INFO]: Sapling Growth Modifier: 100%
[09:10:35] [Server thread/INFO]: Wheat Growth Modifier: 100%
[09:10:35] [Server thread/INFO]: Entity Activation Range: An 32 / Mo 32 / Mi 16
[09:10:35] [Server thread/INFO]: Entity Tracking Range: Pl 48 / An 48 / Mo 48 / Mi 32 / Other 64
[09:10:35] [Server thread/INFO]: Nerfing mobs spawned from spawners: false
[09:10:35] [Server thread/INFO]: Structure Info Saving: true
[09:10:35] [Server thread/INFO]: Sending up to 10 chunks per packet
[09:10:35] [Server thread/INFO]: Random Lighting Updates: false
[09:10:35] [Server thread/INFO]: Custom Map Seeds:  Village: 10387312 Feature: 14357617
[09:10:35] [Server thread/INFO]: Max Entity Collisions: 8
[09:10:35] [Server thread/INFO]: -------- World Settings For [world_nether] --------
[09:10:35] [Server thread/INFO]: Arrow Despawn Rate: 1200
[09:10:35] [Server thread/INFO]: Item Despawn Rate: 6000
[09:10:35] [Server thread/INFO]: Item Merge Radius: 2.5
[09:10:35] [Server thread/INFO]: Allow Zombie Pigmen to spawn from portal blocks: true
[09:10:35] [Server thread/INFO]: Experience Merge Radius: 3.0
[09:10:35] [Server thread/INFO]: Chunks to Grow per Tick: 650
[09:10:35] [Server thread/INFO]: Clear tick list: false
[09:10:35] [Server thread/INFO]: Zombie Aggressive Towards Villager: true
[09:10:35] [Server thread/INFO]: View Distance: 10
[09:10:35] [Server thread/INFO]: Mob Spawn Range: 4
[09:10:35] [Server thread/INFO]: Anti X-Ray: true
[09:10:35] [Server thread/INFO]: 	Engine Mode: 1
[09:10:35] [Server thread/INFO]: 	Hidden Blocks: [14, 15, 16, 21, 48, 49, 54, 56, 73, 74, 82, 129, 130]
[09:10:35] [Server thread/INFO]: 	Replace Blocks: [1, 5]
[09:10:35] [Server thread/INFO]: Alternative Hopper Ticking: false
[09:10:35] [Server thread/INFO]: Hopper Transfer: 8 Hopper Check: 8 Hopper Amount: 1
[09:10:35] [Server thread/INFO]: Max TNT Explosions: 100
[09:10:35] [Server thread/INFO]: Tile Max Tick Time: 50ms Entity max Tick Time: 50ms
[09:10:35] [Server thread/INFO]: Cactus Growth Modifier: 100%
[09:10:35] [Server thread/INFO]: Cane Growth Modifier: 100%
[09:10:35] [Server thread/INFO]: Melon Growth Modifier: 100%
[09:10:35] [Server thread/INFO]: Mushroom Growth Modifier: 100%
[09:10:35] [Server thread/INFO]: Pumpkin Growth Modifier: 100%
[09:10:35] [Server thread/INFO]: Sapling Growth Modifier: 100%
[09:10:35] [Server thread/INFO]: Wheat Growth Modifier: 100%
[09:10:35] [Server thread/INFO]: Entity Activation Range: An 32 / Mo 32 / Mi 16
[09:10:35] [Server thread/INFO]: Entity Tracking Range: Pl 48 / An 48 / Mo 48 / Mi 32 / Other 64
[09:10:35] [Server thread/INFO]: Nerfing mobs spawned from spawners: false
[09:10:35] [Server thread/INFO]: Structure Info Saving: true
[09:10:35] [Server thread/INFO]: Sending up to 10 chunks per packet
[09:10:35] [Server thread/INFO]: Random Lighting Updates: false
[09:10:35] [Server thread/INFO]: Custom Map Seeds:  Village: 10387312 Feature: 14357617
[09:10:35] [Server thread/INFO]: Max Entity Collisions: 8
[09:10:35] [Server thread/INFO]: -------- World Settings For [world_the_end] --------
[09:10:35] [Server thread/INFO]: Arrow Despawn Rate: 1200
[09:10:35] [Server thread/INFO]: Item Despawn Rate: 6000
[09:10:35] [Server thread/INFO]: Item Merge Radius: 2.5
[09:10:35] [Server thread/INFO]: Allow Zombie Pigmen to spawn from portal blocks: true
[09:10:35] [Server thread/INFO]: Experience Merge Radius: 3.0
[09:10:35] [Server thread/INFO]: Chunks to Grow per Tick: 650
[09:10:35] [Server thread/INFO]: Clear tick list: false
[09:10:35] [Server thread/INFO]: Zombie Aggressive Towards Villager: true
[09:10:35] [Server thread/INFO]: View Distance: 10
[09:10:35] [Server thread/INFO]: Mob Spawn Range: 4
[09:10:35] [Server thread/INFO]: Anti X-Ray: true
[09:10:35] [Server thread/INFO]: 	Engine Mode: 1
[09:10:35] [Server thread/INFO]: 	Hidden Blocks: [14, 15, 16, 21, 48, 49, 54, 56, 73, 74, 82, 129, 130]
[09:10:35] [Server thread/INFO]: 	Replace Blocks: [1, 5]
[09:10:35] [Server thread/INFO]: Alternative Hopper Ticking: false
[09:10:35] [Server thread/INFO]: Hopper Transfer: 8 Hopper Check: 8 Hopper Amount: 1
[09:10:35] [Server thread/INFO]: Max TNT Explosions: 100
[09:10:35] [Server thread/INFO]: Tile Max Tick Time: 50ms Entity max Tick Time: 50ms
[09:10:35] [Server thread/INFO]: Cactus Growth Modifier: 100%
[09:10:35] [Server thread/INFO]: Cane Growth Modifier: 100%
[09:10:35] [Server thread/INFO]: Melon Growth Modifier: 100%
[09:10:35] [Server thread/INFO]: Mushroom Growth Modifier: 100%
[09:10:35] [Server thread/INFO]: Pumpkin Growth Modifier: 100%
[09:10:35] [Server thread/INFO]: Sapling Growth Modifier: 100%
[09:10:35] [Server thread/INFO]: Wheat Growth Modifier: 100%
[09:10:35] [Server thread/INFO]: Entity Activation Range: An 32 / Mo 32 / Mi 16
[09:10:35] [Server thread/INFO]: Entity Tracking Range: Pl 48 / An 48 / Mo 48 / Mi 32 / Other 64
[09:10:35] [Server thread/INFO]: Nerfing mobs spawned from spawners: false
[09:10:35] [Server thread/INFO]: Structure Info Saving: true
[09:10:35] [Server thread/INFO]: Sending up to 10 chunks per packet
[09:10:35] [Server thread/INFO]: Random Lighting Updates: false
[09:10:35] [Server thread/INFO]: Custom Map Seeds:  Village: 10387312 Feature: 14357617
[09:10:35] [Server thread/INFO]: Max Entity Collisions: 8
[09:10:35] [Server thread/INFO]: Preparing start region for level 0 (Seed: -2301875992195286712)
[09:10:36] [Server thread/INFO]: Preparing spawn area: 21%
[09:10:37] [Server thread/INFO]: Preparing spawn area: 25%
[09:10:38] [Server thread/INFO]: Preparing spawn area: 39%
[09:10:39] [Server thread/INFO]: Preparing spawn area: 53%
[09:10:40] [Server thread/INFO]: Preparing spawn area: 62%
[09:10:41] [Server thread/INFO]: Preparing spawn area: 74%
[09:10:42] [Server thread/INFO]: Preparing start region for level 1 (Seed: -2301875992195286712)
[09:10:43] [Server thread/INFO]: Preparing spawn area: 98%
[09:10:43] [Server thread/INFO]: Preparing start region for level 2 (Seed: -2301875992195286712)
[09:10:44] [Server thread/INFO]: [Neptune] Enabling Neptune v1.0
[09:10:44] [Server thread/INFO]: [0;37;22m[[0;34;1mNeptune[0;37;22m] [0;32;1mLoaded listeners![m
[09:10:44] [Server thread/INFO]: [0;37;22m[[0;34;1mNeptune[0;37;22m] [0;32;1mLoaded commands![m
[09:10:44] [Server thread/INFO]: [0;34;1mNeptune Loaded successfully[m
[09:10:44] [Server thread/INFO]: [0;34;1mAuthor: [0;37;1mlrxh[m
[09:10:44] [Server thread/INFO]: [0;34;1mVersion: [0;37;1m1.0[m
[09:10:44] [Server thread/INFO]: [0;34;1mDiscord: [0;37;1mdiscord.neptune.dev[m
[09:10:44] [Server thread/INFO]: Server permissions file permissions.yml is empty, ignoring it
[09:10:44] [Server thread/INFO]: Done (9.210s)! For help, type "help" or "?"
[09:10:49] [Server thread/INFO]: [0;33;1m--------- [0;37;1mHelp: Neptune [0;33;1m-------------------------[m
[09:10:49] [Server thread/INFO]: [0;37;22mBelow is a list of all Neptune commands:[m
[09:10:49] [Server thread/INFO]: [0;33;22m/arena: [0;37;1mArena commands.[m
[09:10:49] [Server thread/INFO]: [0;33;22m/kit: [0;37;1mMain command for kits.[m
[09:10:49] [Server thread/INFO]: [0;33;22m/leavequeue: [0;37;1mLeave a queue.[m
[09:10:49] [Server thread/INFO]: [0;33;22m/neptune: [0;37;1mMain command.[m
[09:10:49] [Server thread/INFO]: [0;33;22m/ping: [0;37;1mGet a players ping.[m
[09:10:49] [Server thread/INFO]: [0;33;22m/queue: [0;37;1mQueue Command.[m
[09:10:49] [Server thread/INFO]: [0;33;22m/setspawn: [0;37;1mSets server spawn.[m
[09:10:49] [Server thread/INFO]: [0;33;22m/stats: [0;37;1mOpen Stats menu.[m
[09:10:49] [Server thread/INFO]: [0;33;22m/unranked: [0;37;1mOpen unranked menu.[m
[09:10:51] [Server thread/INFO]: [0;31;1mOnly players can use this command.[m
[09:10:53] [Server thread/INFO]: [0;31;1mOnly players can use this command.[m
[09:10:59] [Server thread/INFO]: [0;31;1mOnly players can use this command.[m
[09:11:03] [Server thread/INFO]: [0;31;1mOnly players can use this command.[m
[09:11:04] [Server thread/INFO]: [0;31;1mOnly players can use this command.[m
[09:11:08] [Server thread/INFO]: [0;31;1mOnly players can use this command.[m
[09:11:13] [Server thread/INFO]: [0;31;1mOnly players can use this command.[m
[09:11:16] [Server thread/INFO]: [0;31;1mOnly players can use this command.[m
[09:11:17] [Server thread/INFO]: [0;31;1mOnly players can use this command.[m
